<?xml version="1.0" encoding="UTF-8"?>
<!-- Generated by org.testng.reporters.JUnitXMLReporter -->
<testsuite ignored="1" hostname="P3BLAP-138M1D6" failures="1" tests="1" name="StandaloneTest" time="0.065" errors="0" timestamp="2024-02-22T12:16:11 IST">
  <testcase classname="Automation.tests.StandaloneTest" name="submitOrder" time="0.0">
    <failure type="java.lang.RuntimeException" message="java.nio.file.InvalidPathException: Illegal char &amp;lt;:&amp;gt; at index 72: C:\Users\m.suresh.shambharkar\eclipse-workspace\SeleniumFrameworkDesignC:\Users\m.suresh.shambharkar\eclipse-workspace\SeleniumFrameworkDesign\src\test\java\Automation\data\PurchaseOrder.json">
      <![CDATA[java.lang.RuntimeException: java.nio.file.InvalidPathException: Illegal char <:> at index 72: C:\Users\m.suresh.shambharkar\eclipse-workspace\SeleniumFrameworkDesignC:\Users\m.suresh.shambharkar\eclipse-workspace\SeleniumFrameworkDesign\src\test\java\Automation\data\PurchaseOrder.json
at java.base/java.util.ArrayList.forEach(ArrayList.java:1511)
at java.base/java.util.concurrent.FutureTask.run(FutureTask.java:264)
at java.base/java.util.concurrent.ThreadPoolExecutor.runWorker(ThreadPoolExecutor.java:1136)
at java.base/java.util.concurrent.ThreadPoolExecutor$Worker.run(ThreadPoolExecutor.java:635)
at java.base/java.lang.Thread.run(Thread.java:840)
Caused by: java.nio.file.InvalidPathException: Illegal char <:> at index 72: C:\Users\m.suresh.shambharkar\eclipse-workspace\SeleniumFrameworkDesignC:\Users\m.suresh.shambharkar\eclipse-workspace\SeleniumFrameworkDesign\src\test\java\Automation\data\PurchaseOrder.json
at java.base/sun.nio.fs.WindowsPathParser.normalize(WindowsPathParser.java:182)
at java.base/sun.nio.fs.WindowsPathParser.parse(WindowsPathParser.java:153)
at java.base/sun.nio.fs.WindowsPathParser.parse(WindowsPathParser.java:77)
at java.base/sun.nio.fs.WindowsPath.parse(WindowsPath.java:92)
at java.base/sun.nio.fs.WindowsFileSystem.getPath(WindowsFileSystem.java:232)
at java.base/java.io.File.toPath(File.java:2387)
at org.apache.commons.io.FileUtils.lambda$readFileToString$12(FileUtils.java:2616)
at org.apache.commons.io.IOUtils.toString(IOUtils.java:3177)
at org.apache.commons.io.IOUtils.toString(IOUtils.java:3152)
at org.apache.commons.io.FileUtils.readFileToString(FileUtils.java:2616)
at Automation.TestComponents.BaseTest.getJsonDataToMap(BaseTest.java:71)
at Automation.tests.StandaloneTest.getData(StandaloneTest.java:78)
... 19 more
... Removed 22 stack frames]]>
    </failure>
  </testcase> <!-- submitOrder -->
  <testcase classname="Automation.tests.StandaloneTest" name="productInOrdersPage" time="0.0">
    <ignored/>
  </testcase> <!-- productInOrdersPage -->
</testsuite> <!-- StandaloneTest -->
